[0.108s] DEBUG:colcon:Command line arguments: ['/home/drl/poi_dog/.poi/lib/python3.10/site-packages/colcon/__main__.py', 'build']
[0.108s] DEBUG:colcon:Parsed command line arguments: Namespace(log_base=None, log_level=None, verb_name='build', build_base='build', install_base='install', merge_install=False, symlink_install=False, test_result_base=None, continue_on_error=False, executor='parallel', parallel_workers=14, event_handlers=None, ignore_user_meta=False, metas=['./colcon.meta'], base_paths=['.'], packages_ignore=None, packages_ignore_regex=None, paths=None, packages_up_to=None, packages_up_to_regex=None, packages_above=None, packages_above_and_dependencies=None, packages_above_depth=None, packages_select_by_dep=None, packages_skip_by_dep=None, packages_skip_up_to=None, packages_select_build_failed=False, packages_skip_build_finished=False, packages_select_test_failures=False, packages_skip_test_passed=False, packages_select=None, packages_skip=None, packages_select_regex=None, packages_skip_regex=None, packages_start=None, packages_end=None, allow_overriding=[], cmake_args=None, cmake_target=None, cmake_target_skip_unavailable=False, cmake_clean_cache=False, cmake_clean_first=False, cmake_force_configure=False, ament_cmake_args=None, catkin_cmake_args=None, catkin_skip_building_tests=False, mixin_files=None, mixin=None, verb_parser=<colcon_mixin.mixin.mixin_argument.MixinArgumentDecorator object at 0x7c62748063e0>, verb_extension=<colcon_core.verb.build.BuildVerb object at 0x7c627497f940>, main=<bound method BuildVerb.main of <colcon_core.verb.build.BuildVerb object at 0x7c627497f940>>, mixin_verb=('build',))
[0.157s] Level 1:colcon.colcon_core.package_discovery:discover_packages(colcon_meta) check parameters
[0.157s] Level 1:colcon.colcon_core.package_discovery:discover_packages(recursive) check parameters
[0.157s] Level 1:colcon.colcon_core.package_discovery:discover_packages(ignore) check parameters
[0.157s] Level 1:colcon.colcon_core.package_discovery:discover_packages(path) check parameters
[0.157s] Level 1:colcon.colcon_core.package_discovery:discover_packages(colcon_meta) discover
[0.158s] Level 1:colcon.colcon_core.package_discovery:discover_packages(recursive) discover
[0.158s] INFO:colcon.colcon_core.package_discovery:Crawling recursively for packages in '/home/drl/poi_dog/Parrot_drone'
[0.158s] Level 1:colcon.colcon_core.package_identification:_identify(.) by extensions ['ignore', 'ignore_ament_install']
[0.158s] Level 1:colcon.colcon_core.package_identification:_identify(.) by extension 'ignore'
[0.158s] Level 1:colcon.colcon_core.package_identification:_identify(.) by extension 'ignore_ament_install'
[0.158s] Level 1:colcon.colcon_core.package_identification:_identify(.) by extensions ['colcon_pkg']
[0.158s] Level 1:colcon.colcon_core.package_identification:_identify(.) by extension 'colcon_pkg'
[0.158s] Level 1:colcon.colcon_core.package_identification:_identify(.) by extensions ['colcon_meta']
[0.158s] Level 1:colcon.colcon_core.package_identification:_identify(.) by extension 'colcon_meta'
[0.158s] Level 1:colcon.colcon_core.package_identification:_identify(.) by extensions ['ros']
[0.158s] Level 1:colcon.colcon_core.package_identification:_identify(.) by extension 'ros'
[0.167s] Level 1:colcon.colcon_core.package_identification:_identify(.) by extensions ['cmake', 'python']
[0.167s] Level 1:colcon.colcon_core.package_identification:_identify(.) by extension 'cmake'
[0.167s] Level 1:colcon.colcon_core.package_identification:_identify(.) by extension 'python'
[0.167s] Level 1:colcon.colcon_core.package_identification:_identify(.) by extensions ['python_setup_py']
[0.167s] Level 1:colcon.colcon_core.package_identification:_identify(.) by extension 'python_setup_py'
[0.167s] Level 1:colcon.colcon_core.package_identification:_identify(build) by extensions ['ignore', 'ignore_ament_install']
[0.167s] Level 1:colcon.colcon_core.package_identification:_identify(build) by extension 'ignore'
[0.167s] Level 1:colcon.colcon_core.package_identification:_identify(build) ignored
[0.167s] Level 1:colcon.colcon_core.package_identification:_identify(install) by extensions ['ignore', 'ignore_ament_install']
[0.167s] Level 1:colcon.colcon_core.package_identification:_identify(install) by extension 'ignore'
[0.167s] Level 1:colcon.colcon_core.package_identification:_identify(install) ignored
[0.167s] Level 1:colcon.colcon_core.package_identification:_identify(log) by extensions ['ignore', 'ignore_ament_install']
[0.167s] Level 1:colcon.colcon_core.package_identification:_identify(log) by extension 'ignore'
[0.167s] Level 1:colcon.colcon_core.package_identification:_identify(log) ignored
[0.167s] Level 1:colcon.colcon_core.package_identification:_identify(src) by extensions ['ignore', 'ignore_ament_install']
[0.167s] Level 1:colcon.colcon_core.package_identification:_identify(src) by extension 'ignore'
[0.167s] Level 1:colcon.colcon_core.package_identification:_identify(src) by extension 'ignore_ament_install'
[0.167s] Level 1:colcon.colcon_core.package_identification:_identify(src) by extensions ['colcon_pkg']
[0.167s] Level 1:colcon.colcon_core.package_identification:_identify(src) by extension 'colcon_pkg'
[0.167s] Level 1:colcon.colcon_core.package_identification:_identify(src) by extensions ['colcon_meta']
[0.168s] Level 1:colcon.colcon_core.package_identification:_identify(src) by extension 'colcon_meta'
[0.168s] Level 1:colcon.colcon_core.package_identification:_identify(src) by extensions ['ros']
[0.168s] Level 1:colcon.colcon_core.package_identification:_identify(src) by extension 'ros'
[0.169s] DEBUG:colcon.colcon_core.package_identification:Package 'src' with type 'ros.ament_python' and name 'parrot_drone'
[0.169s] Level 1:colcon.colcon_core.package_discovery:discover_packages(recursive) using defaults
[0.169s] Level 1:colcon.colcon_core.package_discovery:discover_packages(ignore) discover
[0.169s] Level 1:colcon.colcon_core.package_discovery:discover_packages(ignore) using defaults
[0.169s] Level 1:colcon.colcon_core.package_discovery:discover_packages(path) discover
[0.169s] Level 1:colcon.colcon_core.package_discovery:discover_packages(path) using defaults
[0.186s] Level 1:colcon.colcon_core.package_discovery:discover_packages(prefix_path) check parameters
[0.186s] Level 1:colcon.colcon_core.package_discovery:discover_packages(prefix_path) discover
[0.191s] DEBUG:colcon.colcon_installed_package_information.package_discovery:Found 29 installed packages in /home/drl/interbotix_ws/install
[0.193s] DEBUG:colcon.colcon_installed_package_information.package_discovery:Found 41 installed packages in /home/drl/poi_dog/ros2_test_ws/install
[0.196s] DEBUG:colcon.colcon_installed_package_information.package_discovery:Found 445 installed packages in /opt/ros/humble
[0.197s] Level 1:colcon.colcon_core.package_discovery:discover_packages(prefix_path) using defaults
[0.273s] Level 5:colcon.colcon_core.verb:set package 'parrot_drone' build argument 'cmake_args' from command line to 'None'
[0.273s] Level 5:colcon.colcon_core.verb:set package 'parrot_drone' build argument 'cmake_target' from command line to 'None'
[0.273s] Level 5:colcon.colcon_core.verb:set package 'parrot_drone' build argument 'cmake_target_skip_unavailable' from command line to 'False'
[0.273s] Level 5:colcon.colcon_core.verb:set package 'parrot_drone' build argument 'cmake_clean_cache' from command line to 'False'
[0.273s] Level 5:colcon.colcon_core.verb:set package 'parrot_drone' build argument 'cmake_clean_first' from command line to 'False'
[0.273s] Level 5:colcon.colcon_core.verb:set package 'parrot_drone' build argument 'cmake_force_configure' from command line to 'False'
[0.273s] Level 5:colcon.colcon_core.verb:set package 'parrot_drone' build argument 'ament_cmake_args' from command line to 'None'
[0.273s] Level 5:colcon.colcon_core.verb:set package 'parrot_drone' build argument 'catkin_cmake_args' from command line to 'None'
[0.273s] Level 5:colcon.colcon_core.verb:set package 'parrot_drone' build argument 'catkin_skip_building_tests' from command line to 'False'
[0.273s] DEBUG:colcon.colcon_core.verb:Building package 'parrot_drone' with the following arguments: {'ament_cmake_args': None, 'build_base': '/home/drl/poi_dog/Parrot_drone/build/parrot_drone', 'catkin_cmake_args': None, 'catkin_skip_building_tests': False, 'cmake_args': None, 'cmake_clean_cache': False, 'cmake_clean_first': False, 'cmake_force_configure': False, 'cmake_target': None, 'cmake_target_skip_unavailable': False, 'install_base': '/home/drl/poi_dog/Parrot_drone/install/parrot_drone', 'merge_install': False, 'path': '/home/drl/poi_dog/Parrot_drone/src', 'symlink_install': False, 'test_result_base': None}
[0.273s] INFO:colcon.colcon_core.executor:Executing jobs using 'parallel' executor
[0.274s] DEBUG:colcon.colcon_parallel_executor.executor.parallel:run_until_complete
[0.274s] INFO:colcon.colcon_ros.task.ament_python.build:Building ROS package in '/home/drl/poi_dog/Parrot_drone/src' with build type 'ament_python'
[0.274s] Level 1:colcon.colcon_core.shell:create_environment_hook('parrot_drone', 'ament_prefix_path')
[0.276s] INFO:colcon.colcon_core.plugin_system:Skipping extension 'colcon_core.shell.bat': Not used on non-Windows systems
[0.276s] INFO:colcon.colcon_core.shell:Creating environment hook '/home/drl/poi_dog/Parrot_drone/install/parrot_drone/share/parrot_drone/hook/ament_prefix_path.ps1'
[0.277s] INFO:colcon.colcon_core.shell:Creating environment descriptor '/home/drl/poi_dog/Parrot_drone/install/parrot_drone/share/parrot_drone/hook/ament_prefix_path.dsv'
[0.277s] INFO:colcon.colcon_core.shell:Creating environment hook '/home/drl/poi_dog/Parrot_drone/install/parrot_drone/share/parrot_drone/hook/ament_prefix_path.sh'
[0.278s] INFO:colcon.colcon_core.shell:Skip shell extension 'powershell' for command environment: Not usable outside of PowerShell
[0.278s] DEBUG:colcon.colcon_core.shell:Skip shell extension 'dsv' for command environment
[0.442s] INFO:colcon.colcon_core.task.python.build:Building Python package in '/home/drl/poi_dog/Parrot_drone/src'
[0.443s] INFO:colcon.colcon_core.shell:Skip shell extension 'powershell' for command environment: Not usable outside of PowerShell
[0.443s] DEBUG:colcon.colcon_core.shell:Skip shell extension 'dsv' for command environment
[0.847s] DEBUG:colcon.colcon_core.event_handler.log_command:Invoking command in '/home/drl/poi_dog/Parrot_drone/src': PS1=(.poi) \[\e]0;\u@\h: \w\a\]${debian_chroot:+($debian_chroot)}\[\033[01;32m\]\u@\h\[\033[00m\]:\[\033[01;34m\]\w\[\033[00m\]\$ PYTHONPATH=/home/drl/poi_dog/Parrot_drone/build/parrot_drone/prefix_override:/home/drl/poi_dog/.poi/lib/python3.10/site-packages/colcon_core/task/python/colcon_distutils_commands:/home/drl/poi_dog/Parrot_drone/install/parrot_drone/lib/python3.10/site-packages:${PYTHONPATH} VIRTUAL_ENV_PROMPT=(.poi) /home/drl/poi_dog/.poi/bin/python3 -W ignore:setup.py install is deprecated -W ignore:easy_install command is deprecated setup.py egg_info --egg-base ../build/parrot_drone build --build-base /home/drl/poi_dog/Parrot_drone/build/parrot_drone/build install --record /home/drl/poi_dog/Parrot_drone/build/parrot_drone/install.log --single-version-externally-managed install_data
[2.128s] DEBUG:colcon.colcon_core.event_handler.log_command:Invoked command in '/home/drl/poi_dog/Parrot_drone/src' returned '0': PS1=(.poi) \[\e]0;\u@\h: \w\a\]${debian_chroot:+($debian_chroot)}\[\033[01;32m\]\u@\h\[\033[00m\]:\[\033[01;34m\]\w\[\033[00m\]\$ PYTHONPATH=/home/drl/poi_dog/Parrot_drone/build/parrot_drone/prefix_override:/home/drl/poi_dog/.poi/lib/python3.10/site-packages/colcon_core/task/python/colcon_distutils_commands:/home/drl/poi_dog/Parrot_drone/install/parrot_drone/lib/python3.10/site-packages:${PYTHONPATH} VIRTUAL_ENV_PROMPT=(.poi) /home/drl/poi_dog/.poi/bin/python3 -W ignore:setup.py install is deprecated -W ignore:easy_install command is deprecated setup.py egg_info --egg-base ../build/parrot_drone build --build-base /home/drl/poi_dog/Parrot_drone/build/parrot_drone/build install --record /home/drl/poi_dog/Parrot_drone/build/parrot_drone/install.log --single-version-externally-managed install_data
[2.134s] Level 1:colcon.colcon_core.environment:checking '/home/drl/poi_dog/Parrot_drone/install/parrot_drone' for CMake module files
[2.134s] Level 1:colcon.colcon_core.environment:checking '/home/drl/poi_dog/Parrot_drone/install/parrot_drone' for CMake config files
[2.135s] Level 1:colcon.colcon_core.environment:checking '/home/drl/poi_dog/Parrot_drone/install/parrot_drone/lib'
[2.135s] Level 1:colcon.colcon_core.environment:checking '/home/drl/poi_dog/Parrot_drone/install/parrot_drone/bin'
[2.135s] Level 1:colcon.colcon_core.environment:checking '/home/drl/poi_dog/Parrot_drone/install/parrot_drone/lib/pkgconfig/parrot_drone.pc'
[2.135s] Level 1:colcon.colcon_core.environment:checking '/home/drl/poi_dog/Parrot_drone/install/parrot_drone/lib/python3.10/site-packages'
[2.135s] Level 1:colcon.colcon_core.shell:create_environment_hook('parrot_drone', 'pythonpath')
[2.135s] INFO:colcon.colcon_core.shell:Creating environment hook '/home/drl/poi_dog/Parrot_drone/install/parrot_drone/share/parrot_drone/hook/pythonpath.ps1'
[2.135s] INFO:colcon.colcon_core.shell:Creating environment descriptor '/home/drl/poi_dog/Parrot_drone/install/parrot_drone/share/parrot_drone/hook/pythonpath.dsv'
[2.136s] INFO:colcon.colcon_core.shell:Creating environment hook '/home/drl/poi_dog/Parrot_drone/install/parrot_drone/share/parrot_drone/hook/pythonpath.sh'
[2.136s] Level 1:colcon.colcon_core.environment:checking '/home/drl/poi_dog/Parrot_drone/install/parrot_drone/bin'
[2.136s] Level 1:colcon.colcon_core.environment:create_environment_scripts_only(parrot_drone)
[2.136s] INFO:colcon.colcon_core.shell:Creating package script '/home/drl/poi_dog/Parrot_drone/install/parrot_drone/share/parrot_drone/package.ps1'
[2.137s] INFO:colcon.colcon_core.shell:Creating package descriptor '/home/drl/poi_dog/Parrot_drone/install/parrot_drone/share/parrot_drone/package.dsv'
[2.137s] INFO:colcon.colcon_core.shell:Creating package script '/home/drl/poi_dog/Parrot_drone/install/parrot_drone/share/parrot_drone/package.sh'
[2.137s] INFO:colcon.colcon_core.shell:Creating package script '/home/drl/poi_dog/Parrot_drone/install/parrot_drone/share/parrot_drone/package.bash'
[2.138s] INFO:colcon.colcon_core.shell:Creating package script '/home/drl/poi_dog/Parrot_drone/install/parrot_drone/share/parrot_drone/package.zsh'
[2.138s] Level 1:colcon.colcon_core.environment:create_file_with_runtime_dependencies(/home/drl/poi_dog/Parrot_drone/install/parrot_drone/share/colcon-core/packages/parrot_drone)
[2.138s] DEBUG:colcon.colcon_parallel_executor.executor.parallel:closing loop
[2.138s] DEBUG:colcon.colcon_parallel_executor.executor.parallel:loop closed
[2.138s] DEBUG:colcon.colcon_parallel_executor.executor.parallel:run_until_complete finished with '0'
[2.138s] DEBUG:colcon.colcon_core.event_reactor:joining thread
[2.145s] INFO:colcon.colcon_core.plugin_system:Skipping extension 'colcon_notification.desktop_notification.terminal_notifier': Not used on non-Darwin systems
[2.145s] INFO:colcon.colcon_core.plugin_system:Skipping extension 'colcon_notification.desktop_notification.win32': Not used on non-Windows systems
[2.145s] INFO:colcon.colcon_notification.desktop_notification:Sending desktop notification using 'notify2'
[2.158s] DEBUG:colcon.colcon_core.event_reactor:joined thread
[2.158s] INFO:colcon.colcon_core.shell:Creating prefix script '/home/drl/poi_dog/Parrot_drone/install/local_setup.ps1'
[2.159s] INFO:colcon.colcon_core.shell:Creating prefix util module '/home/drl/poi_dog/Parrot_drone/install/_local_setup_util_ps1.py'
[2.160s] INFO:colcon.colcon_core.shell:Creating prefix chain script '/home/drl/poi_dog/Parrot_drone/install/setup.ps1'
[2.161s] INFO:colcon.colcon_core.shell:Creating prefix script '/home/drl/poi_dog/Parrot_drone/install/local_setup.sh'
[2.161s] INFO:colcon.colcon_core.shell:Creating prefix util module '/home/drl/poi_dog/Parrot_drone/install/_local_setup_util_sh.py'
[2.162s] INFO:colcon.colcon_core.shell:Creating prefix chain script '/home/drl/poi_dog/Parrot_drone/install/setup.sh'
[2.163s] INFO:colcon.colcon_core.shell:Creating prefix script '/home/drl/poi_dog/Parrot_drone/install/local_setup.bash'
[2.164s] INFO:colcon.colcon_core.shell:Creating prefix chain script '/home/drl/poi_dog/Parrot_drone/install/setup.bash'
[2.165s] INFO:colcon.colcon_core.shell:Creating prefix script '/home/drl/poi_dog/Parrot_drone/install/local_setup.zsh'
[2.165s] INFO:colcon.colcon_core.shell:Creating prefix chain script '/home/drl/poi_dog/Parrot_drone/install/setup.zsh'
