[0.489s] Invoking command in '/home/drl/poi_dog/Parrot_drone/src': PS1=(.poi) \[\e]0;\u@\h: \w\a\]${debian_chroot:+($debian_chroot)}\[\033[01;32m\]\u@\h\[\033[00m\]:\[\033[01;34m\]\w\[\033[00m\]\$ PYTHONPATH=/home/drl/poi_dog/Parrot_drone/build/parrot_drone/prefix_override:/home/drl/poi_dog/.poi/lib/python3.10/site-packages/colcon_core/task/python/colcon_distutils_commands:/home/drl/poi_dog/Parrot_drone/install/parrot_drone/lib/python3.10/site-packages:${PYTHONPATH} VIRTUAL_ENV_PROMPT=(.poi) /home/drl/poi_dog/.poi/bin/python3 -W ignore:setup.py install is deprecated -W ignore:easy_install command is deprecated setup.py egg_info --egg-base ../build/parrot_drone build --build-base /home/drl/poi_dog/Parrot_drone/build/parrot_drone/build install --record /home/drl/poi_dog/Parrot_drone/build/parrot_drone/install.log --single-version-externally-managed install_data
[0.653s] running egg_info
[0.662s] writing ../build/parrot_drone/parrot_drone.egg-info/PKG-INFO
[0.663s] writing dependency_links to ../build/parrot_drone/parrot_drone.egg-info/dependency_links.txt
[0.663s] writing entry points to ../build/parrot_drone/parrot_drone.egg-info/entry_points.txt
[0.663s] writing requirements to ../build/parrot_drone/parrot_drone.egg-info/requires.txt
[0.663s] writing top-level names to ../build/parrot_drone/parrot_drone.egg-info/top_level.txt
[1.499s] reading manifest file '../build/parrot_drone/parrot_drone.egg-info/SOURCES.txt'
[1.500s] writing manifest file '../build/parrot_drone/parrot_drone.egg-info/SOURCES.txt'
[1.501s] running build
[1.501s] running build_py
[1.501s] copying parrot_drone/drone_setup.py -> /home/drl/poi_dog/Parrot_drone/build/parrot_drone/build/lib/parrot_drone
[1.501s] copying parrot_drone/fly_drone.py -> /home/drl/poi_dog/Parrot_drone/build/parrot_drone/build/lib/parrot_drone
[1.501s] copying parrot_drone/__init__.py -> /home/drl/poi_dog/Parrot_drone/build/parrot_drone/build/lib/parrot_drone
[1.501s] running install
[1.503s] running install_lib
[1.513s] copying /home/drl/poi_dog/Parrot_drone/build/parrot_drone/build/lib/parrot_drone/fly_drone.py -> /home/drl/poi_dog/Parrot_drone/install/parrot_drone/lib/python3.10/site-packages/parrot_drone
[1.513s] byte-compiling /home/drl/poi_dog/Parrot_drone/install/parrot_drone/lib/python3.10/site-packages/parrot_drone/fly_drone.py to fly_drone.cpython-310.pyc
[1.514s] running install_data
[1.514s] copying resource/parrot_drone -> /home/drl/poi_dog/Parrot_drone/install/parrot_drone/share/ament_index/resource_index/packages
[1.514s] copying package.xml -> /home/drl/poi_dog/Parrot_drone/install/parrot_drone/share/parrot_drone
[1.514s] running install_egg_info
[1.524s] removing '/home/drl/poi_dog/Parrot_drone/install/parrot_drone/lib/python3.10/site-packages/parrot_drone-0.0.0-py3.10.egg-info' (and everything under it)
[1.524s] Copying ../build/parrot_drone/parrot_drone.egg-info to /home/drl/poi_dog/Parrot_drone/install/parrot_drone/lib/python3.10/site-packages/parrot_drone-0.0.0-py3.10.egg-info
[1.524s] running install_scripts
[1.613s] Installing fly_drone script to /home/drl/poi_dog/Parrot_drone/install/parrot_drone/lib/parrot_drone
[1.613s] writing list of installed files to '/home/drl/poi_dog/Parrot_drone/build/parrot_drone/install.log'
[1.634s] Invoked command in '/home/drl/poi_dog/Parrot_drone/src' returned '0': PS1=(.poi) \[\e]0;\u@\h: \w\a\]${debian_chroot:+($debian_chroot)}\[\033[01;32m\]\u@\h\[\033[00m\]:\[\033[01;34m\]\w\[\033[00m\]\$ PYTHONPATH=/home/drl/poi_dog/Parrot_drone/build/parrot_drone/prefix_override:/home/drl/poi_dog/.poi/lib/python3.10/site-packages/colcon_core/task/python/colcon_distutils_commands:/home/drl/poi_dog/Parrot_drone/install/parrot_drone/lib/python3.10/site-packages:${PYTHONPATH} VIRTUAL_ENV_PROMPT=(.poi) /home/drl/poi_dog/.poi/bin/python3 -W ignore:setup.py install is deprecated -W ignore:easy_install command is deprecated setup.py egg_info --egg-base ../build/parrot_drone build --build-base /home/drl/poi_dog/Parrot_drone/build/parrot_drone/build install --record /home/drl/poi_dog/Parrot_drone/build/parrot_drone/install.log --single-version-externally-managed install_data
