[0.591s] Invoking command in '/home/drl/poi_dog/Parrot_drone/src': PS1=(.poi) \[\e]0;\u@\h: \w\a\]${debian_chroot:+($debian_chroot)}\[\033[01;32m\]\u@\h\[\033[00m\]:\[\033[01;34m\]\w\[\033[00m\]\$ PYTHONPATH=/home/drl/poi_dog/Parrot_drone/build/parrot_drone/prefix_override:/home/drl/poi_dog/.poi/lib/python3.10/site-packages/colcon_core/task/python/colcon_distutils_commands:/home/drl/poi_dog/Parrot_drone/install/parrot_drone/lib/python3.10/site-packages:${PYTHONPATH} VIRTUAL_ENV_PROMPT=(.poi) /home/drl/poi_dog/.poi/bin/python3 -W ignore:setup.py install is deprecated -W ignore:easy_install command is deprecated setup.py egg_info --egg-base ../build/parrot_drone build --build-base /home/drl/poi_dog/Parrot_drone/build/parrot_drone/build install --record /home/drl/poi_dog/Parrot_drone/build/parrot_drone/install.log --single-version-externally-managed install_data
[0.755s] running egg_info
[0.764s] creating ../build/parrot_drone/parrot_drone.egg-info
[0.764s] writing ../build/parrot_drone/parrot_drone.egg-info/PKG-INFO
[0.765s] writing dependency_links to ../build/parrot_drone/parrot_drone.egg-info/dependency_links.txt
[0.765s] writing entry points to ../build/parrot_drone/parrot_drone.egg-info/entry_points.txt
[0.765s] writing requirements to ../build/parrot_drone/parrot_drone.egg-info/requires.txt
[0.765s] writing top-level names to ../build/parrot_drone/parrot_drone.egg-info/top_level.txt
[0.765s] writing manifest file '../build/parrot_drone/parrot_drone.egg-info/SOURCES.txt'
[1.755s] reading manifest file '../build/parrot_drone/parrot_drone.egg-info/SOURCES.txt'
[1.757s] writing manifest file '../build/parrot_drone/parrot_drone.egg-info/SOURCES.txt'
[1.757s] running build
[1.757s] running build_py
[1.757s] creating /home/drl/poi_dog/Parrot_drone/build/parrot_drone/build/lib/parrot_drone
[1.757s] copying parrot_drone/drone_setup.py -> /home/drl/poi_dog/Parrot_drone/build/parrot_drone/build/lib/parrot_drone
[1.758s] copying parrot_drone/fly_drone.py -> /home/drl/poi_dog/Parrot_drone/build/parrot_drone/build/lib/parrot_drone
[1.758s] copying parrot_drone/__init__.py -> /home/drl/poi_dog/Parrot_drone/build/parrot_drone/build/lib/parrot_drone
[1.758s] running install
[1.762s] running install_lib
[1.772s] creating /home/drl/poi_dog/Parrot_drone/install/parrot_drone/lib/python3.10/site-packages/parrot_drone
[1.773s] copying /home/drl/poi_dog/Parrot_drone/build/parrot_drone/build/lib/parrot_drone/drone_setup.py -> /home/drl/poi_dog/Parrot_drone/install/parrot_drone/lib/python3.10/site-packages/parrot_drone
[1.773s] copying /home/drl/poi_dog/Parrot_drone/build/parrot_drone/build/lib/parrot_drone/fly_drone.py -> /home/drl/poi_dog/Parrot_drone/install/parrot_drone/lib/python3.10/site-packages/parrot_drone
[1.773s] copying /home/drl/poi_dog/Parrot_drone/build/parrot_drone/build/lib/parrot_drone/__init__.py -> /home/drl/poi_dog/Parrot_drone/install/parrot_drone/lib/python3.10/site-packages/parrot_drone
[1.773s] byte-compiling /home/drl/poi_dog/Parrot_drone/install/parrot_drone/lib/python3.10/site-packages/parrot_drone/drone_setup.py to drone_setup.cpython-310.pyc
[1.775s] byte-compiling /home/drl/poi_dog/Parrot_drone/install/parrot_drone/lib/python3.10/site-packages/parrot_drone/fly_drone.py to fly_drone.cpython-310.pyc
[1.776s] byte-compiling /home/drl/poi_dog/Parrot_drone/install/parrot_drone/lib/python3.10/site-packages/parrot_drone/__init__.py to __init__.cpython-310.pyc
[1.776s] running install_data
[1.776s] creating /home/drl/poi_dog/Parrot_drone/install/parrot_drone/share/ament_index/resource_index/packages
[1.776s] copying resource/parrot_drone -> /home/drl/poi_dog/Parrot_drone/install/parrot_drone/share/ament_index/resource_index/packages
[1.776s] copying package.xml -> /home/drl/poi_dog/Parrot_drone/install/parrot_drone/share/parrot_drone
[1.776s] running install_egg_info
[1.786s] Copying ../build/parrot_drone/parrot_drone.egg-info to /home/drl/poi_dog/Parrot_drone/install/parrot_drone/lib/python3.10/site-packages/parrot_drone-0.0.0-py3.10.egg-info
[1.787s] running install_scripts
[1.875s] Installing fly_drone script to /home/drl/poi_dog/Parrot_drone/install/parrot_drone/lib/parrot_drone
[1.876s] writing list of installed files to '/home/drl/poi_dog/Parrot_drone/build/parrot_drone/install.log'
[1.896s] Invoked command in '/home/drl/poi_dog/Parrot_drone/src' returned '0': PS1=(.poi) \[\e]0;\u@\h: \w\a\]${debian_chroot:+($debian_chroot)}\[\033[01;32m\]\u@\h\[\033[00m\]:\[\033[01;34m\]\w\[\033[00m\]\$ PYTHONPATH=/home/drl/poi_dog/Parrot_drone/build/parrot_drone/prefix_override:/home/drl/poi_dog/.poi/lib/python3.10/site-packages/colcon_core/task/python/colcon_distutils_commands:/home/drl/poi_dog/Parrot_drone/install/parrot_drone/lib/python3.10/site-packages:${PYTHONPATH} VIRTUAL_ENV_PROMPT=(.poi) /home/drl/poi_dog/.poi/bin/python3 -W ignore:setup.py install is deprecated -W ignore:easy_install command is deprecated setup.py egg_info --egg-base ../build/parrot_drone build --build-base /home/drl/poi_dog/Parrot_drone/build/parrot_drone/build install --record /home/drl/poi_dog/Parrot_drone/build/parrot_drone/install.log --single-version-externally-managed install_data
